[32m2026-05-29 23:11:38 +0800[0m - dagster - [34mDEBUG[0m - olist_daily_pipeline - 517cf704-a671-4dd4-a1d4-48afa81ad54f - 18261 - LOGS_CAPTURED - Started capturing logs in process (pid: 18261).
[32m2026-05-29 23:11:38 +0800[0m - dagster - [34mDEBUG[0m - olist_daily_pipeline - 517cf704-a671-4dd4-a1d4-48afa81ad54f - 18261 - star_schema_build - STEP_START - Started execution of step "star_schema_build".
[32m2026-05-29 23:12:42 +0800[0m - dagster - [34mINFO[0m - olist_daily_pipeline - 517cf704-a671-4dd4-a1d4-48afa81ad54f - star_schema_build -   ✅ DROP   DimDate                             (1.2s)
  ✅ CREATE DimDate                             (2.3s)
  ✅ DROP   DimGeography                        (1.1s)
  ✅ CREATE DimGeography                        (3.3s)
  ✅ DROP   DimCustomer                         (1.0s)
  ✅ CREATE DimCustomer                         (6.3s)
  ✅ DROP   DimProduct                          (1.1s)
  ✅ CREATE DimProduct                          (2.4s)
  ✅ DROP   DimSeller                           (1.1s)
  ✅ CREATE DimSeller                           (2.3s)
  ✅ DROP   DimPaymentType                      (1.9s)
  ✅ CREATE DimPaymentType                      (2.2s)
  ✅ DROP   DimMarketingChannel                 (1.0s)
  ✅ CREATE DimMarketingChannel                 (2.2s)
  ✅ DROP   FactOrders                          (1.0s)
  ✅ CREATE FactOrders                          (9.1s)
  ✅ DROP   FactOrderItems                      (1.0s)
  ✅ CREATE FactOrderItems                      (11.0s)
  ✅ DROP   FactMarketingFunnel                 (1.0s)
  ✅ CREATE FactMarketingFunnel                 (5.5s)
  ✅ DROP   FactPayments                        (1.1s)
  ✅ CREATE FactPayments                        (2.9s)

  Schema build complete — 22 statements, 0 errors, 0 quota warnings  (61.9s total)

[32m2026-05-29 23:12:42 +0800[0m - dagster - [34mDEBUG[0m - olist_daily_pipeline - 517cf704-a671-4dd4-a1d4-48afa81ad54f - 18261 - star_schema_build - STEP_OUTPUT - Yielded output "result" of type "Nothing". (Type check passed).
[32m2026-05-29 23:12:42 +0800[0m - dagster - [34mDEBUG[0m - olist_daily_pipeline - 517cf704-a671-4dd4-a1d4-48afa81ad54f - 18261 - star_schema_build - ASSET_MATERIALIZATION - Materialized value star_schema_build.
[32m2026-05-29 23:12:42 +0800[0m - dagster - [34mDEBUG[0m - olist_daily_pipeline - 517cf704-a671-4dd4-a1d4-48afa81ad54f - 18261 - star_schema_build - STEP_SUCCESS - Finished execution of step "star_schema_build" in 57.02s.
