Running with dbt=1.10.17
Registered adapter: bigquery=1.11.0
Unable to do partial parsing because config vars, config profile, or config target have changed
Unable to do partial parsing because profile has changed
Found 16 models, 115 data tests, 11 sources, 665 macros

Concurrency: 8 threads (target='prod')

1 of 115 START test accepted_values_mart_customer_lifetime_value_rfm_segment__Champions__Loyal_Customers__New_Customers__Potential_Loyalists__At_Risk__Cant_Lose_Them__Sleeping_Giants__Hibernating  [RUN]
2 of 115 START test accepted_values_mart_customer_lifetime_value_value_tier__High_Value__Medium_Value__Low_Value  [RUN]
3 of 115 START test accepted_values_mart_geo_performance_region__Southeast__South__Midwest__Northeast__North  [RUN]
4 of 115 START test accepted_values_mart_logistics_performance_sla_performance_band__Excellent__Good__Needs_Improvement__Critical  [RUN]
5 of 115 START test accepted_values_mart_marketing_funnel_conversion_tier__High_Converting__Mid_Converting__Low_Converting  [RUN]
6 of 115 START test accepted_values_mart_product_performance_performance_tier__Tier_1_Core__Tier_2_Growth__Tier_3_Niche__Tier_4_Tail  [RUN]
7 of 115 START test accepted_values_mart_seller_performance_seller_tier__Platinum__Gold__Silver__Bronze  [RUN]
8 of 115 START test accepted_values_stg_customers_customer_state__AC__AL__AM__AP__BA__CE__DF__ES__GO__MA__MG__MS__MT__PA__PB__PE__PI__PR__RJ__RN__RO__RR__RS__SC__SE__SP__TO  [RUN]
5 of 115 PASS accepted_values_mart_marketing_funnel_conversion_tier__High_Converting__Mid_Converting__Low_Converting  [PASS in 2.28s]
3 of 115 PASS accepted_values_mart_geo_performance_region__Southeast__South__Midwest__Northeast__North  [PASS in 2.29s]
9 of 115 START test accepted_values_stg_geolocation_region__Southeast__South__Midwest__Northeast__North  [RUN]
7 of 115 PASS accepted_values_mart_seller_performance_seller_tier__Platinum__Gold__Silver__Bronze  [PASS in 2.30s]
10 of 115 START test accepted_values_stg_geolocation_state_code__AC__AL__AM__AP__BA__CE__DF__ES__GO__MA__MG__MS__MT__PA__PB__PE__PI__PR__RJ__RN__RO__RR__RS__SC__SE__SP__TO  [RUN]
11 of 115 START test accepted_values_stg_orders_order_status__delivered__shipped__canceled__unavailable__invoiced__processing__created__approved  [RUN]
8 of 115 PASS accepted_values_stg_customers_customer_state__AC__AL__AM__AP__BA__CE__DF__ES__GO__MA__MG__MS__MT__PA__PB__PE__PI__PR__RJ__RN__RO__RR__RS__SC__SE__SP__TO  [PASS in 2.45s]
6 of 115 PASS accepted_values_mart_product_performance_performance_tier__Tier_1_Core__Tier_2_Growth__Tier_3_Niche__Tier_4_Tail  [PASS in 2.46s]
4 of 115 PASS accepted_values_mart_logistics_performance_sla_performance_band__Excellent__Good__Needs_Improvement__Critical  [PASS in 2.55s]
12 of 115 START test accepted_values_stg_payments_payment_type__credit_card__boleto__voucher__debit_card  [RUN]
13 of 115 START test assert_geo_coordinates_in_brazil .......................... [RUN]
14 of 115 START test assert_mart_row_counts_nonzero ............................ [RUN]
1 of 115 PASS accepted_values_mart_customer_lifetime_value_rfm_segment__Champions__Loyal_Customers__New_Customers__Potential_Loyalists__At_Risk__Cant_Lose_Them__Sleeping_Giants__Hibernating  [PASS in 2.94s]
15 of 115 START test assert_no_future_orders ................................... [RUN]
2 of 115 PASS accepted_values_mart_customer_lifetime_value_value_tier__High_Value__Medium_Value__Low_Value  [PASS in 2.96s]
16 of 115 START test assert_no_orphaned_order_items ............................ [RUN]
10 of 115 PASS accepted_values_stg_geolocation_state_code__AC__AL__AM__AP__BA__CE__DF__ES__GO__MA__MG__MS__MT__PA__PB__PE__PI__PR__RJ__RN__RO__RR__RS__SC__SE__SP__TO  [PASS in 2.17s]
17 of 115 START test assert_payment_value_matches_order_value .................. [RUN]
9 of 115 PASS accepted_values_stg_geolocation_region__Southeast__South__Midwest__Northeast__North  [PASS in 2.31s]
18 of 115 START test assert_rfm_segments_cover_all_customers ................... [RUN]
11 of 115 PASS accepted_values_stg_orders_order_status__delivered__shipped__canceled__unavailable__invoiced__processing__created__approved  [PASS in 2.39s]
19 of 115 START test dbt_utils_accepted_range_stg_geolocation_latitude__5_3___35_0  [RUN]
15 of 115 PASS assert_no_future_orders ......................................... [PASS in 1.84s]
12 of 115 PASS accepted_values_stg_payments_payment_type__credit_card__boleto__voucher__debit_card  [PASS in 2.15s]
20 of 115 START test dbt_utils_accepted_range_stg_geolocation_longitude___28_0___74_0  [RUN]
21 of 115 START test dbt_utils_accepted_range_stg_geolocation_zip_code_prefix__99999__1001  [RUN]
13 of 115 PASS assert_geo_coordinates_in_brazil ................................ [PASS in 2.41s]
22 of 115 START test dbt_utils_accepted_range_stg_reviews_review_score__5__1 ... [RUN]
14 of 115 PASS assert_mart_row_counts_nonzero .................................. [PASS in 2.50s]
23 of 115 START test dbt_utils_expression_is_true_mart_customer_lifetime_value_estimated_clv___0  [RUN]
16 of 115 PASS assert_no_orphaned_order_items .................................. [PASS in 2.88s]
24 of 115 START test dbt_utils_expression_is_true_mart_customer_lifetime_value_last_order_date___first_order_date  [RUN]
19 of 115 PASS dbt_utils_accepted_range_stg_geolocation_latitude__5_3___35_0 ... [PASS in 1.98s]
25 of 115 START test dbt_utils_expression_is_true_mart_customer_lifetime_value_order_count___1  [RUN]
20 of 115 PASS dbt_utils_accepted_range_stg_geolocation_longitude___28_0___74_0  [PASS in 2.02s]
26 of 115 START test dbt_utils_expression_is_true_mart_customer_lifetime_value_total_spend___0  [RUN]
18 of 115 PASS assert_rfm_segments_cover_all_customers ......................... [PASS in 2.44s]
27 of 115 START test dbt_utils_expression_is_true_mart_geo_performance_total_orders___0  [RUN]
21 of 115 PASS dbt_utils_accepted_range_stg_geolocation_zip_code_prefix__99999__1001  [PASS in 2.16s]
22 of 115 PASS dbt_utils_accepted_range_stg_reviews_review_score__5__1 ......... [PASS in 1.98s]
28 of 115 START test dbt_utils_expression_is_true_mart_geo_performance_total_revenue___0  [RUN]
29 of 115 START test dbt_utils_expression_is_true_mart_logistics_performance_avg_delivery_days___0  [RUN]
17 of 115 PASS assert_payment_value_matches_order_value ........................ [PASS in 3.08s]
30 of 115 START test dbt_utils_expression_is_true_mart_logistics_performance_on_time_pct__BETWEEN_0_AND_100  [RUN]
24 of 115 PASS dbt_utils_expression_is_true_mart_customer_lifetime_value_last_order_date___first_order_date  [PASS in 2.13s]
31 of 115 START test dbt_utils_expression_is_true_mart_logistics_performance_total_delivered_orders___0  [RUN]
23 of 115 PASS dbt_utils_expression_is_true_mart_customer_lifetime_value_estimated_clv___0  [PASS in 2.95s]
32 of 115 START test dbt_utils_expression_is_true_mart_marketing_funnel_conversion_rate_pct__BETWEEN_0_AND_100  [RUN]
25 of 115 PASS dbt_utils_expression_is_true_mart_customer_lifetime_value_order_count___1  [PASS in 2.00s]
33 of 115 START test dbt_utils_expression_is_true_mart_marketing_funnel_converted_leads___0  [RUN]
29 of 115 PASS dbt_utils_expression_is_true_mart_logistics_performance_avg_delivery_days___0  [PASS in 1.63s]
34 of 115 START test dbt_utils_expression_is_true_mart_marketing_funnel_total_leads___0  [RUN]
26 of 115 PASS dbt_utils_expression_is_true_mart_customer_lifetime_value_total_spend___0  [PASS in 2.03s]
35 of 115 START test dbt_utils_expression_is_true_mart_monthly_revenue_avg_order_value___0_OR_avg_order_value_IS_NULL  [RUN]
27 of 115 PASS dbt_utils_expression_is_true_mart_geo_performance_total_orders___0  [PASS in 1.95s]
28 of 115 PASS dbt_utils_expression_is_true_mart_geo_performance_total_revenue___0  [PASS in 1.89s]
36 of 115 START test dbt_utils_expression_is_true_mart_monthly_revenue_order_count___0  [RUN]
37 of 115 START test dbt_utils_expression_is_true_mart_monthly_revenue_total_revenue___0  [RUN]
30 of 115 PASS dbt_utils_expression_is_true_mart_logistics_performance_on_time_pct__BETWEEN_0_AND_100  [PASS in 1.66s]
38 of 115 START test dbt_utils_expression_is_true_mart_product_performance_avg_review_score__BETWEEN_1_AND_5_OR_avg_review_score_IS_NULL  [RUN]
31 of 115 PASS dbt_utils_expression_is_true_mart_logistics_performance_total_delivered_orders___0  [PASS in 1.60s]
39 of 115 START test dbt_utils_expression_is_true_mart_product_performance_category_gross_revenue___0  [RUN]
32 of 115 PASS dbt_utils_expression_is_true_mart_marketing_funnel_conversion_rate_pct__BETWEEN_0_AND_100  [PASS in 1.63s]
40 of 115 START test dbt_utils_expression_is_true_mart_product_performance_revenue_share_pct__BETWEEN_0_AND_100  [RUN]
33 of 115 PASS dbt_utils_expression_is_true_mart_marketing_funnel_converted_leads___0  [PASS in 1.86s]
41 of 115 START test dbt_utils_expression_is_true_mart_seller_performance_avg_review_score__BETWEEN_1_AND_5_OR_avg_review_score_IS_NULL  [RUN]
36 of 115 PASS dbt_utils_expression_is_true_mart_monthly_revenue_order_count___0  [PASS in 1.64s]
37 of 115 PASS dbt_utils_expression_is_true_mart_monthly_revenue_total_revenue___0  [PASS in 1.64s]
42 of 115 START test dbt_utils_expression_is_true_mart_seller_performance_gross_merchandise_value___0  [RUN]
43 of 115 START test dbt_utils_expression_is_true_mart_seller_performance_on_time_delivery_pct__BETWEEN_0_AND_100_OR_on_time_delivery_pct_IS_NULL  [RUN]
35 of 115 PASS dbt_utils_expression_is_true_mart_monthly_revenue_avg_order_value___0_OR_avg_order_value_IS_NULL  [PASS in 1.72s]
34 of 115 PASS dbt_utils_expression_is_true_mart_marketing_funnel_total_leads___0  [PASS in 1.92s]
44 of 115 START test dbt_utils_expression_is_true_mart_seller_performance_performance_score__BETWEEN_0_AND_100  [RUN]
45 of 115 START test dbt_utils_expression_is_true_stg_order_items_item_price___0  [RUN]
38 of 115 PASS dbt_utils_expression_is_true_mart_product_performance_avg_review_score__BETWEEN_1_AND_5_OR_avg_review_score_IS_NULL  [PASS in 2.03s]
46 of 115 START test dbt_utils_expression_is_true_stg_orders_delivery_days___0_OR_delivery_days_IS_NULL  [RUN]
39 of 115 PASS dbt_utils_expression_is_true_mart_product_performance_category_gross_revenue___0  [PASS in 1.98s]
47 of 115 START test dbt_utils_expression_is_true_stg_payments_payment_value___0  [RUN]
40 of 115 PASS dbt_utils_expression_is_true_mart_product_performance_revenue_share_pct__BETWEEN_0_AND_100  [PASS in 1.84s]
48 of 115 START test dbt_utils_unique_combination_of_columns_stg_order_items_order_id__order_item_id  [RUN]
44 of 115 PASS dbt_utils_expression_is_true_mart_seller_performance_performance_score__BETWEEN_0_AND_100  [PASS in 1.66s]
49 of 115 START test not_null_mart_customer_lifetime_value_customer_state ...... [RUN]
45 of 115 PASS dbt_utils_expression_is_true_stg_order_items_item_price___0 ..... [PASS in 1.82s]
50 of 115 START test not_null_mart_customer_lifetime_value_customer_unique_id .. [RUN]
42 of 115 PASS dbt_utils_expression_is_true_mart_seller_performance_gross_merchandise_value___0  [PASS in 1.91s]
51 of 115 START test not_null_mart_customer_lifetime_value_first_order_date .... [RUN]
43 of 115 PASS dbt_utils_expression_is_true_mart_seller_performance_on_time_delivery_pct__BETWEEN_0_AND_100_OR_on_time_delivery_pct_IS_NULL  [PASS in 2.07s]
52 of 115 START test not_null_mart_customer_lifetime_value_last_order_date ..... [RUN]
41 of 115 PASS dbt_utils_expression_is_true_mart_seller_performance_avg_review_score__BETWEEN_1_AND_5_OR_avg_review_score_IS_NULL  [PASS in 2.15s]
53 of 115 START test not_null_mart_customer_lifetime_value_order_count ......... [RUN]
46 of 115 PASS dbt_utils_expression_is_true_stg_orders_delivery_days___0_OR_delivery_days_IS_NULL  [PASS in 1.70s]
54 of 115 START test not_null_mart_customer_lifetime_value_rfm_segment ......... [RUN]
47 of 115 PASS dbt_utils_expression_is_true_stg_payments_payment_value___0 ..... [PASS in 1.90s]
55 of 115 START test not_null_mart_customer_lifetime_value_total_spend ......... [RUN]
48 of 115 PASS dbt_utils_unique_combination_of_columns_stg_order_items_order_id__order_item_id  [PASS in 1.89s]
56 of 115 START test not_null_mart_geo_performance_order_month ................. [RUN]
49 of 115 PASS not_null_mart_customer_lifetime_value_customer_state ............ [PASS in 1.99s]
57 of 115 START test not_null_mart_geo_performance_region ...................... [RUN]
51 of 115 PASS not_null_mart_customer_lifetime_value_first_order_date .......... [PASS in 1.94s]
58 of 115 START test not_null_mart_geo_performance_state_code .................. [RUN]
50 of 115 PASS not_null_mart_customer_lifetime_value_customer_unique_id ........ [PASS in 2.15s]
59 of 115 START test not_null_mart_geo_performance_total_orders ................ [RUN]
53 of 115 PASS not_null_mart_customer_lifetime_value_order_count ............... [PASS in 1.99s]
60 of 115 START test not_null_mart_geo_performance_total_revenue ............... [RUN]
52 of 115 PASS not_null_mart_customer_lifetime_value_last_order_date ........... [PASS in 2.27s]
61 of 115 START test not_null_mart_logistics_performance_avg_delivery_days ..... [RUN]
54 of 115 PASS not_null_mart_customer_lifetime_value_rfm_segment ............... [PASS in 2.14s]
62 of 115 START test not_null_mart_logistics_performance_customer_state ........ [RUN]
56 of 115 PASS not_null_mart_geo_performance_order_month ....................... [PASS in 1.68s]
63 of 115 START test not_null_mart_logistics_performance_on_time_pct ........... [RUN]
55 of 115 PASS not_null_mart_customer_lifetime_value_total_spend ............... [PASS in 1.86s]
64 of 115 START test not_null_mart_logistics_performance_order_month ........... [RUN]
57 of 115 PASS not_null_mart_geo_performance_region ............................ [PASS in 1.58s]
65 of 115 START test not_null_mart_logistics_performance_sla_performance_band .. [RUN]
58 of 115 PASS not_null_mart_geo_performance_state_code ........................ [PASS in 1.78s]
66 of 115 START test not_null_mart_logistics_performance_total_delivered_orders  [RUN]
60 of 115 PASS not_null_mart_geo_performance_total_revenue ..................... [PASS in 1.75s]
67 of 115 START test not_null_mart_marketing_funnel_cohort_month ............... [RUN]
59 of 115 PASS not_null_mart_geo_performance_total_orders ...................... [PASS in 1.92s]
68 of 115 START test not_null_mart_marketing_funnel_conversion_rate_pct ........ [RUN]
62 of 115 PASS not_null_mart_logistics_performance_customer_state .............. [PASS in 1.58s]
69 of 115 START test not_null_mart_marketing_funnel_converted_leads ............ [RUN]
61 of 115 PASS not_null_mart_logistics_performance_avg_delivery_days ........... [PASS in 1.78s]
70 of 115 START test not_null_mart_marketing_funnel_origin ..................... [RUN]
64 of 115 PASS not_null_mart_logistics_performance_order_month ................. [PASS in 1.60s]
71 of 115 START test not_null_mart_marketing_funnel_total_leads ................ [RUN]
63 of 115 PASS not_null_mart_logistics_performance_on_time_pct ................. [PASS in 1.71s]
72 of 115 START test not_null_mart_monthly_revenue_category .................... [RUN]
65 of 115 PASS not_null_mart_logistics_performance_sla_performance_band ........ [PASS in 1.73s]
73 of 115 START test not_null_mart_monthly_revenue_month ....................... [RUN]
66 of 115 PASS not_null_mart_logistics_performance_total_delivered_orders ...... [PASS in 1.79s]
74 of 115 START test not_null_mart_monthly_revenue_order_count ................. [RUN]
67 of 115 PASS not_null_mart_marketing_funnel_cohort_month ..................... [PASS in 1.76s]
75 of 115 START test not_null_mart_monthly_revenue_revenue_month ............... [RUN]
69 of 115 PASS not_null_mart_marketing_funnel_converted_leads .................. [PASS in 1.62s]
76 of 115 START test not_null_mart_monthly_revenue_total_revenue ............... [RUN]
68 of 115 PASS not_null_mart_marketing_funnel_conversion_rate_pct .............. [PASS in 1.74s]
77 of 115 START test not_null_mart_monthly_revenue_year ........................ [RUN]
70 of 115 PASS not_null_mart_marketing_funnel_origin ........................... [PASS in 1.78s]
78 of 115 START test not_null_mart_product_performance_category_english ........ [RUN]
71 of 115 PASS not_null_mart_marketing_funnel_total_leads ...................... [PASS in 1.83s]
79 of 115 START test not_null_mart_product_performance_category_gross_revenue .. [RUN]
72 of 115 PASS not_null_mart_monthly_revenue_category .......................... [PASS in 1.99s]
80 of 115 START test not_null_mart_product_performance_performance_tier ........ [RUN]
73 of 115 PASS not_null_mart_monthly_revenue_month ............................. [PASS in 1.80s]
81 of 115 START test not_null_mart_product_performance_revenue_share_pct ....... [RUN]
77 of 115 PASS not_null_mart_monthly_revenue_year .............................. [PASS in 1.45s]
82 of 115 START test not_null_mart_seller_performance_gross_merchandise_value .. [RUN]
75 of 115 PASS not_null_mart_monthly_revenue_revenue_month ..................... [PASS in 1.66s]
83 of 115 START test not_null_mart_seller_performance_performance_score ........ [RUN]
76 of 115 PASS not_null_mart_monthly_revenue_total_revenue ..................... [PASS in 1.68s]
84 of 115 START test not_null_mart_seller_performance_seller_id ................ [RUN]
74 of 115 PASS not_null_mart_monthly_revenue_order_count ....................... [PASS in 2.01s]
85 of 115 START test not_null_mart_seller_performance_seller_tier .............. [RUN]
78 of 115 PASS not_null_mart_product_performance_category_english .............. [PASS in 1.74s]
86 of 115 START test not_null_stg_customers_customer_id ........................ [RUN]
79 of 115 PASS not_null_mart_product_performance_category_gross_revenue ........ [PASS in 1.63s]
87 of 115 START test not_null_stg_customers_customer_unique_id ................. [RUN]
80 of 115 PASS not_null_mart_product_performance_performance_tier .............. [PASS in 1.69s]
88 of 115 START test not_null_stg_geolocation_latitude ......................... [RUN]
81 of 115 PASS not_null_mart_product_performance_revenue_share_pct ............. [PASS in 1.65s]
89 of 115 START test not_null_stg_geolocation_longitude ........................ [RUN]
82 of 115 PASS not_null_mart_seller_performance_gross_merchandise_value ........ [PASS in 1.74s]
90 of 115 START test not_null_stg_geolocation_state_code ....................... [RUN]
83 of 115 PASS not_null_mart_seller_performance_performance_score .............. [PASS in 1.74s]
91 of 115 START test not_null_stg_geolocation_zip_code_prefix .................. [RUN]
86 of 115 PASS not_null_stg_customers_customer_id .............................. [PASS in 1.71s]
92 of 115 START test not_null_stg_marketing_leads_mql_id ....................... [RUN]
84 of 115 PASS not_null_mart_seller_performance_seller_id ...................... [PASS in 2.09s]
93 of 115 START test not_null_stg_marketing_leads_origin ....................... [RUN]
88 of 115 PASS not_null_stg_geolocation_latitude ............................... [PASS in 1.59s]
94 of 115 START test not_null_stg_order_items_item_price ....................... [RUN]
87 of 115 PASS not_null_stg_customers_customer_unique_id ....................... [PASS in 1.84s]
95 of 115 START test not_null_stg_order_items_order_id ......................... [RUN]
89 of 115 PASS not_null_stg_geolocation_longitude .............................. [PASS in 4.89s]
96 of 115 START test not_null_stg_order_items_product_id ....................... [RUN]
85 of 115 PASS not_null_mart_seller_performance_seller_tier .................... [PASS in 6.06s]
97 of 115 START test not_null_stg_order_items_seller_id ........................ [RUN]
90 of 115 PASS not_null_stg_geolocation_state_code ............................. [PASS in 4.71s]
98 of 115 START test not_null_stg_orders_customer_id ........................... [RUN]
91 of 115 PASS not_null_stg_geolocation_zip_code_prefix ........................ [PASS in 4.85s]
99 of 115 START test not_null_stg_orders_order_id .............................. [RUN]
92 of 115 PASS not_null_stg_marketing_leads_mql_id ............................. [PASS in 4.85s]
100 of 115 START test not_null_stg_payments_order_id ........................... [RUN]
95 of 115 PASS not_null_stg_order_items_order_id ............................... [PASS in 1.64s]
101 of 115 START test not_null_stg_products_product_id ......................... [RUN]
93 of 115 WARN 60 not_null_stg_marketing_leads_origin .......................... [WARN 60 in 5.10s]
102 of 115 START test not_null_stg_reviews_order_id ............................ [RUN]
94 of 115 PASS not_null_stg_order_items_item_price ............................. [PASS in 5.00s]
103 of 115 START test not_null_stg_reviews_review_id ........................... [RUN]
98 of 115 PASS not_null_stg_orders_customer_id ................................. [PASS in 1.69s]
104 of 115 START test not_null_stg_sellers_seller_id ........................... [RUN]
96 of 115 PASS not_null_stg_order_items_product_id ............................. [PASS in 2.29s]
105 of 115 START test source_not_null_olist_raw_orders_order_id ................ [RUN]
99 of 115 PASS not_null_stg_orders_order_id .................................... [PASS in 1.88s]
106 of 115 START test source_unique_olist_raw_orders_order_id .................. [RUN]
97 of 115 PASS not_null_stg_order_items_seller_id .............................. [PASS in 2.51s]
107 of 115 START test unique_mart_customer_lifetime_value_customer_unique_id ... [RUN]
100 of 115 PASS not_null_stg_payments_order_id ................................. [PASS in 1.84s]
108 of 115 START test unique_mart_product_performance_category_english ......... [RUN]
101 of 115 PASS not_null_stg_products_product_id ............................... [PASS in 1.74s]
109 of 115 START test unique_mart_seller_performance_seller_id ................. [RUN]
103 of 115 PASS not_null_stg_reviews_review_id ................................. [PASS in 1.75s]
110 of 115 START test unique_stg_customers_customer_id ......................... [RUN]
102 of 115 PASS not_null_stg_reviews_order_id .................................. [PASS in 1.96s]
111 of 115 START test unique_stg_geolocation_zip_code_prefix ................... [RUN]
104 of 115 PASS not_null_stg_sellers_seller_id ................................. [PASS in 1.90s]
112 of 115 START test unique_stg_marketing_leads_mql_id ........................ [RUN]
105 of 115 PASS source_not_null_olist_raw_orders_order_id ...................... [PASS in 1.81s]
113 of 115 START test unique_stg_orders_order_id ............................... [RUN]
106 of 115 PASS source_unique_olist_raw_orders_order_id ........................ [PASS in 1.75s]
114 of 115 START test unique_stg_products_product_id ........................... [RUN]
108 of 115 PASS unique_mart_product_performance_category_english ............... [PASS in 1.65s]
115 of 115 START test unique_stg_sellers_seller_id ............................. [RUN]
109 of 115 PASS unique_mart_seller_performance_seller_id ....................... [PASS in 1.86s]
111 of 115 PASS unique_stg_geolocation_zip_code_prefix ......................... [PASS in 1.69s]
107 of 115 PASS unique_mart_customer_lifetime_value_customer_unique_id ......... [PASS in 2.19s]
110 of 115 PASS unique_stg_customers_customer_id ............................... [PASS in 2.01s]
113 of 115 PASS unique_stg_orders_order_id ..................................... [PASS in 1.76s]
112 of 115 PASS unique_stg_marketing_leads_mql_id .............................. [PASS in 2.05s]
114 of 115 PASS unique_stg_products_product_id ................................. [PASS in 1.81s]
115 of 115 PASS unique_stg_sellers_seller_id ................................... [PASS in 1.69s]

Finished running 115 data tests in 0 hours 0 minutes and 32.89 seconds (32.89s).

Completed with 1 warning:

Warning in test not_null_stg_marketing_leads_origin (models/staging/schema.yml)
Got 60 results, configured to warn if != 0

  compiled code at target/8c03e03/compiled/olist_analytics/models/staging/schema.yml/not_null_stg_marketing_leads_origin.sql

Done. PASS=114 WARN=1 ERROR=0 SKIP=0 NO-OP=0 TOTAL=115
