[32m2026-05-29 23:10:28 +0800[0m - dagster - [34mDEBUG[0m - olist_daily_pipeline - 517cf704-a671-4dd4-a1d4-48afa81ad54f - 14921 - LOGS_CAPTURED - Started capturing logs in process (pid: 14921).
[32m2026-05-29 23:10:28 +0800[0m - dagster - [34mDEBUG[0m - olist_daily_pipeline - 517cf704-a671-4dd4-a1d4-48afa81ad54f - 14921 - meltano_core_extract_load - STEP_START - Started execution of step "meltano_core_extract_load".
[32m2026-05-29 23:10:28 +0800[0m - dagster - [34mINFO[0m - olist_daily_pipeline - 517cf704-a671-4dd4-a1d4-48afa81ad54f - meltano_core_extract_load - Running: python ingestion/ingest_to_bigquery.py
[32m2026-05-29 23:11:31 +0800[0m - dagster - [34mINFO[0m - olist_daily_pipeline - 517cf704-a671-4dd4-a1d4-48afa81ad54f - meltano_core_extract_load -  olist-analytics-01.olist_raw
2026-05-29 23:10:29,282 | INFO     | olist.ingestion |   Mode:      Full Refresh
2026-05-29 23:10:29,283 | INFO     | olist.ingestion |   Dry run:   False
2026-05-29 23:10:29,283 | INFO     | olist.ingestion | ============================================================
2026-05-29 23:10:30,094 | INFO     | olist.ingestion | BigQuery client initialised for project: olist-analytics-01
2026-05-29 23:10:30,094 | INFO     | olist.ingestion | Loading orders from olist_orders_dataset.csv
2026-05-29 23:10:30,641 | INFO     | olist.ingestion |   Loaded 99441 rows × 10 cols
2026-05-29 23:10:39,413 | INFO     | olist.ingestion |   ✅ Loaded 99441 rows → olist-analytics-01.olist_raw.raw_orders (8.8s)
2026-05-29 23:10:39,413 | INFO     | olist.ingestion | Loading order_items from olist_order_items_dataset.csv
2026-05-29 23:10:39,587 | INFO     | olist.ingestion |   Loaded 112650 rows × 9 cols
2026-05-29 23:10:49,103 | INFO     | olist.ingestion |   ✅ Loaded 112650 rows → olist-analytics-01.olist_raw.raw_order_items (9.5s)
2026-05-29 23:10:49,103 | INFO     | olist.ingestion | Loading customers from olist_customers_dataset.csv
2026-05-29 23:10:49,212 | INFO     | olist.ingestion |   Loaded 99441 rows × 7 cols
2026-05-29 23:10:57,117 | INFO     | olist.ingestion |   ✅ Loaded 99441 rows → olist-analytics-01.olist_raw.raw_customers (7.9s)
2026-05-29 23:10:57,118 | INFO     | olist.ingestion | Loading products from olist_products_dataset.csv
2026-05-29 23:10:57,143 | INFO     | olist.ingestion |   Loaded 32951 rows × 11 cols
2026-05-29 23:11:00,750 | INFO     | olist.ingestion |   ✅ Loaded 32951 rows → olist-analytics-01.olist_raw.raw_products (3.6s)
2026-05-29 23:11:00,750 | INFO     | olist.ingestion | Loading sellers from olist_sellers_dataset.csv
2026-05-29 23:11:00,758 | INFO     | olist.ingestion |   Loaded 3095 rows × 6 cols
2026-05-29 23:11:04,665 | INFO     | olist.ingestion |   ✅ Loaded 3095 rows → olist-analytics-01.olist_raw.raw_sellers (3.9s)
2026-05-29 23:11:04,665 | INFO     | olist.ingestion | Loading payments from olist_order_payments_dataset.csv
2026-05-29 23:11:04,725 | INFO     | olist.ingestion |   Loaded 103886 rows × 7 cols
2026-05-29 23:11:09,200 | INFO     | olist.ingestion |   ✅ Loaded 103886 rows → olist-analytics-01.olist_raw.raw_order_payments (4.5s)
2026-05-29 23:11:09,200 | INFO     | olist.ingestion | Loading reviews from olist_order_reviews_dataset.csv
2026-05-29 23:11:09,394 | INFO     | olist.ingestion |   Loaded 99224 rows × 9 cols
2026-05-29 23:11:20,026 | INFO     | olist.ingestion |   ✅ Loaded 99224 rows → olist-analytics-01.olist_raw.raw_order_reviews (10.6s)
2026-05-29 23:11:20,027 | INFO     | olist.ingestion | Loading category_translation from product_category_name_translation.csv
2026-05-29 23:11:20,034 | INFO     | olist.ingestion |   Loaded 71 rows × 4 cols
2026-05-29 23:11:23,579 | INFO     | olist.ingestion |   ✅ Loaded 71 rows → olist-analytics-01.olist_raw.raw_category_translation (3.5s)
2026-05-29 23:11:23,579 | INFO     | olist.ingestion | Loading mql from olist_marketing_qualified_leads_dataset.csv
2026-05-29 23:11:23,600 | INFO     | olist.ingestion |   Loaded 8000 rows × 6 cols
2026-05-29 23:11:27,777 | INFO     | olist.ingestion |   ✅ Loaded 8000 rows → olist-analytics-01.olist_raw.raw_marketing_qualified_leads (4.2s)
2026-05-29 23:11:27,778 | INFO     | olist.ingestion | Loading closed_deals from olist_closed_deals_dataset.csv
2026-05-29 23:11:27,784 | INFO     | olist.ingestion |   Loaded 842 rows × 16 cols
2026-05-29 23:11:31,339 | INFO     | olist.ingestion |   ✅ Loaded 842 rows → olist-analytics-01.olist_raw.raw_closed_deals (3.5s)
2026-05-29 23:11:31,352 | INFO     | olist.ingestion | ============================================================
2026-05-29 23:11:31,352 | INFO     | olist.ingestion | INGESTION COMPLETE: 10 succeeded, 0 failed
2026-05-29 23:11:31,353 | INFO     | olist.ingestion | ============================================================

[32m2026-05-29 23:11:31 +0800[0m - dagster - [34mDEBUG[0m - olist_daily_pipeline - 517cf704-a671-4dd4-a1d4-48afa81ad54f - 14921 - meltano_core_extract_load - STEP_OUTPUT - Yielded output "result" of type "Nothing". (Type check passed).
[32m2026-05-29 23:11:31 +0800[0m - dagster - [34mDEBUG[0m - olist_daily_pipeline - 517cf704-a671-4dd4-a1d4-48afa81ad54f - 14921 - meltano_core_extract_load - ASSET_MATERIALIZATION - Materialized value meltano_core_extract_load.
[32m2026-05-29 23:11:31 +0800[0m - dagster - [34mDEBUG[0m - olist_daily_pipeline - 517cf704-a671-4dd4-a1d4-48afa81ad54f - 14921 - meltano_core_extract_load - STEP_SUCCESS - Finished execution of step "meltano_core_extract_load" in 56.75s.
